Arguments: 
  C:\Program Files\nodejs\node.exe C:\Users\Administrator\AppData\Roaming\npm\node_modules\yarn\bin\yarn.js add axios

PATH: 
  C:\Program Files\Microsoft\jdk-11.0.16.101-hotspot\bin;C:\Windows\system32;C:\Windows;C:\Windows\System32\Wbem;C:\Windows\System32\WindowsPowerShell\v1.0\;C:\Windows\System32\OpenSSH\;D:\git\Git\cmd;%NVM_HOME%;%NVM_SYMLINK%;C:\Users\Administrator\.cargo\bin;C:\Users\Administrator\AppData\Local\Microsoft\WindowsApps;D:\vscode\Microsoft VS Code\bin;D:\bandzip\;%DevEco Studio%;C:\Users\Administrator\AppData\Roaming\npm;D:\webstorm\WebStorm 2022.3.2\bin;;C:\Users\Administrator\AppData\Roaming\nvm;C:\Program Files\nodejs;D:\RustRover\RustRover 232.9921.46\bin;

Yarn version: 
  1.22.5

Node version: 
  16.15.0

Platform: 
  win32 x64

Trace: 
  Error: ENOENT: no such file or directory, copyfile 'C:\Users\Administrator\AppData\Local\Yarn\Cache\v6\npm-yallist-4.0.0-9bb92790d9c0effec63be73519e11a35019a3a72-integrity\node_modules\yallist\iterator.js' -> 'D:\workSpace\project\Rust\make_beautiful\app\node_modules\@typescript-eslint\eslint-plugin\node_modules\yallist\iterator.js'

npm manifest: 
  {
    "private": true,
    "author": "FanFanicon <2628838256@qq.com>",
    "scripts": {
      "dev": "umi dev",
      "build": "umi build",
      "postinstall": "umi setup",
      "setup": "umi setup",
      "start": "npm run dev"
    },
    "dependencies": {
      "umi": "^4.0.53"
    },
    "devDependencies": {
      "@types/react": "^18.0.0",
      "@types/react-dom": "^18.0.0",
      "typescript": "^4.1.2"
    }
  }

yarn manifest: 
  No manifest

Lockfile: 
  No lockfile
